Starting process: 

Configuration data saved


SCUBA, Version Diamond (64-bit) 3.8.0.115.3
Sun Jan 29 09:14:15 2017

Copyright (c) 1991-1994 by NeoCAD Inc. All rights reserved.
Copyright (c) 1995 AT&T Corp.   All rights reserved.
Copyright (c) 1995-2001 Lucent Technologies Inc.  All rights reserved.
Copyright (c) 2001 Agere Systems   All rights reserved.
Copyright (c) 2002-2016 Lattice Semiconductor Corporation,  All rights reserved.

BEGIN SCUBA Module Synthesis

    Issued command   : C:\lscc\diamond\3.8_x64\ispfpga\bin\nt64\scuba.exe -w -n a2f_fifo -lang verilog -synth lse -bus_exp 7 -bb -arch sa5p00 -type ebfifo -depth 512 -width 24 -rwidth 24 -reset_rel SYNC -pe -1 -pf -1 -rfill 
    Circuit name     : a2f_fifo
    Module type      : ebfifo
    Module Version   : 5.8
    Ports            : 
	Inputs       : Data[23:0], WrClock, RdClock, WrEn, RdEn, Reset, RPReset
	Outputs      : Q[23:0], RCNT[9:0], Empty, Full
    I/O buffer       : not inserted
    EDIF output      : a2f_fifo.edn
    Verilog output   : a2f_fifo.v
    Verilog template : a2f_fifo_tmpl.v
    Verilog testbench: tb_a2f_fifo_tmpl.v
    Verilog purpose  : for synthesis and simulation
    Bus notation     : big endian
    Report output    : a2f_fifo.srp
    Estimated Resource Usage:
            LUT : 112
            EBR : 1
            Reg : 112

END   SCUBA Module Synthesis

File: a2f_fifo.lpc created.


End process: completed successfully.


Total Warnings:  0

Total Errors:  0


